<?xml version="1.0" encoding="UTF-8"?>
<!-- Generated by org.testng.reporters.JUnitReportReporter -->
<testsuite skipped="4" hostname="ADMINIB-U0RGV7D" name="TestCases.Flipkart.com.ProductSearch" tests="5" failures="0" timestamp="09 May 2017 17:56:44 GMT" time="0.151" errors="1">
  <testcase name="VerifyTitle" time="0.000" classname="TestCases.Flipkart.com.ProductSearch">
    <skipped/>
  </testcase> <!-- VerifyTitle -->
  <testcase name="searchiphone6" time="0.000" classname="TestCases.Flipkart.com.ProductSearch">
    <skipped/>
  </testcase> <!-- searchiphone6 -->
  <testcase name="setup" time="0.150" classname="TestCases.Flipkart.com.ProductSearch">
    <error type="java.lang.IllegalStateException" message="The driver executable does not exist: C:\Users\IBM_ADMIN\git\FlipkartGitHub\&quot;C:\Selenium\chromedriver.exe&quot;">
      <![CDATA[java.lang.IllegalStateException: The driver executable does not exist: C:\Users\IBM_ADMIN\git\FlipkartGitHub\"C:\Selenium\chromedriver.exe"
	at com.google.common.base.Preconditions.checkState(Preconditions.java:518)
	at org.openqa.selenium.remote.service.DriverService.checkExecutable(DriverService.java:136)
	at org.openqa.selenium.remote.service.DriverService.findExecutable(DriverService.java:131)
	at org.openqa.selenium.chrome.ChromeDriverService.access$000(ChromeDriverService.java:32)
	at org.openqa.selenium.chrome.ChromeDriverService$Builder.findDefaultExecutable(ChromeDriverService.java:137)
	at org.openqa.selenium.remote.service.DriverService$Builder.build(DriverService.java:330)
	at org.openqa.selenium.chrome.ChromeDriverService.createDefaultService(ChromeDriverService.java:88)
	at org.openqa.selenium.chrome.ChromeDriver.<init>(ChromeDriver.java:124)
	at Factory.BrowserFactory.getBrowser(BrowserFactory.java:16)
	at TestCases.Flipkart.com.ProductSearch.setup(ProductSearch.java:26)
	at sun.reflect.NativeMethodAccessorImpl.invoke0(Native Method)
	at sun.reflect.NativeMethodAccessorImpl.invoke(NativeMethodAccessorImpl.java:62)
	at sun.reflect.DelegatingMethodAccessorImpl.invoke(DelegatingMethodAccessorImpl.java:43)
	at java.lang.reflect.Method.invoke(Method.java:498)
	at org.testng.internal.MethodInvocationHelper.invokeMethod(MethodInvocationHelper.java:108)
	at org.testng.internal.Invoker.invokeConfigurationMethod(Invoker.java:523)
	at org.testng.internal.Invoker.invokeConfigurations(Invoker.java:224)
	at org.testng.internal.Invoker.invokeConfigurations(Invoker.java:146)
	at org.testng.TestRunner.beforeRun(TestRunner.java:626)
	at org.testng.TestRunner.run(TestRunner.java:594)
	at org.testng.SuiteRunner.runTest(SuiteRunner.java:380)
	at org.testng.SuiteRunner.runSequentially(SuiteRunner.java:375)
	at org.testng.SuiteRunner.privateRun(SuiteRunner.java:340)
	at org.testng.SuiteRunner.run(SuiteRunner.java:289)
	at org.testng.SuiteRunnerWorker.runSuite(SuiteRunnerWorker.java:52)
	at org.testng.SuiteRunnerWorker.run(SuiteRunnerWorker.java:86)
	at org.testng.TestNG.runSuitesSequentially(TestNG.java:1301)
	at org.testng.TestNG.runSuitesLocally(TestNG.java:1226)
	at org.testng.TestNG.runSuites(TestNG.java:1144)
	at org.testng.TestNG.run(TestNG.java:1115)
	at org.testng.remote.AbstractRemoteTestNG.run(AbstractRemoteTestNG.java:132)
	at org.testng.remote.RemoteTestNG.initAndRun(RemoteTestNG.java:236)
	at org.testng.remote.RemoteTestNG.main(RemoteTestNG.java:81)
]]>
    </error>
  </testcase> <!-- setup -->
  <testcase name="VerifyCurrentWindow" time="0.001" classname="TestCases.Flipkart.com.ProductSearch">
    <skipped/>
  </testcase> <!-- VerifyCurrentWindow -->
  <testcase name="VerifyURL" time="0.000" classname="TestCases.Flipkart.com.ProductSearch">
    <skipped/>
  </testcase> <!-- VerifyURL -->
</testsuite> <!-- TestCases.Flipkart.com.ProductSearch -->
